C51 COMPILER V9.00   DELAY                                                                 05/27/2018 22:12:10 PAGE 1   


C51 COMPILER V9.00, COMPILATION OF MODULE DELAY
OBJECT MODULE PLACED IN .\list\delay.obj
COMPILER INVOKED BY: D:\Keil_v5\C51\BIN\C51.EXE delay.c OPTIMIZE(8,SPEED) BROWSE DEBUG OBJECTEXTEND PRINT(.\list\delay.l
                    -st) OBJECT(.\list\delay.obj)

line level    source

*** WARNING C500 IN LINE 1 OF DELAY.C: LICENSE ERROR (R208: RENEW LICENSE ID CODE (LIC))

   1          #include        "delay.h"
   2          
   3          
   4          
   5          //========================================================================
   6          // 函数: void  delay_ms(unsigned char ms)
   7          // 描述: 延时函数。
   8          // 参数: ms,要延时的ms数, 这里只支持1~255ms. 自动适应主时钟.
   9          // 返回: none.
  10          // 版本: VER1.0
  11          // 日期: 2013-4-1
  12          // 备注: 
  13          //========================================================================
  14          void  delay_ms(unsigned char ms)
  15          {
  16   1           unsigned int i;
  17   1               do{
  18   2                    i = MAIN_Fosc / 13000;
  19   2                        while(--i)    ;   //14T per loop
  20   2           }while(--ms);
  21   1      }


MODULE INFORMATION:   STATIC OVERLAYABLE
   CODE SIZE        =     16    ----
   CONSTANT SIZE    =   ----    ----
   XDATA SIZE       =   ----    ----
   PDATA SIZE       =   ----    ----
   DATA SIZE        =   ----    ----
   IDATA SIZE       =   ----    ----
   BIT SIZE         =   ----    ----
END OF MODULE INFORMATION.


C51 COMPILATION COMPLETE.  1 WARNING(S),  0 ERROR(S)
